THIS FILE CONTAINS THE METADATA ABOUT SYSTEM AND RUNTIME


-------System Info-------
Operating System Name: Linux
Nodename: shbli029
Release: 3.10.0-1160.62.1.el7.x86_64
Version: #1 SMP Tue Apr 5 16:57:59 UTC 2022

-------Python and Package Versions------- 
Python Version: 3.9.5
SigProfilerMatrixGenerator Version: 1.2.4
SigProfilerPlotting version: 1.2.1
matplotlib version: 3.4.3
statsmodels version: 0.13.2
scipy version: 1.8.0
pandas version: 1.4.2
numpy version: 1.22.3

-------Vital Parameters Used for the execution -------
Project: MCF7_TSS_E2-2h
Genome: GRCh38
Input File Path: /local/scratch/mutational_profiles_mcf7_tss_E2-2h/Data/MCF7/TSS/E2-2h/
exome: False
bed_file: None
chrom_based: False
plot: True
tsb_stat: False
seqInfo: True

-------Date and Time Data------- 
Date and Clock time when the execution started: 2022-06-05 16:26:17.031767


-------Runtime Checkpoints------- 
Chromosome X done
Chromosome Y done
Chromosome MT done
Chromosome 1 done
Chromosome 2 done
Chromosome 3 done
Chromosome 4 done
Chromosome 5 done
Chromosome 6 done
Chromosome 7 done
Chromosome 8 done
Chromosome 9 done
Chromosome 10 done
Chromosome 11 done
Chromosome 12 done
Chromosome 13 done
Chromosome 14 done
Chromosome 15 done
Chromosome 16 done
Chromosome 17 done
Chromosome 18 done
Chromosome 19 done
Chromosome 20 done
Chromosome 21 done
Chromosome 22 done
